C:\USERS\BOATRIGHTCD\DESKTOP\CONSOLEAPPLICATION1\CONSOLEAPPLICATION1\DEBUG\MAIN.OBJ
C:\USERS\BOATRIGHTCD\DESKTOP\CONSOLEAPPLICATION1\CONSOLEAPPLICATION1\DEBUG\STUBS.OBJ
C:\USERS\BOATRIGHTCD\DESKTOP\CONSOLEAPPLICATION1\CONSOLEAPPLICATION1\DEBUG\TESTS.OBJ
C:\USERS\BOATRIGHTCD\DESKTOP\CONSOLEAPPLICATION1\CONSOLEAPPLICATION1\DEBUG\VC110.PDB
C:\USERS\BOATRIGHTCD\DESKTOP\CONSOLEAPPLICATION1\DEBUG\CONSOLEAPPLICATION1.ILK
C:\USERS\BOATRIGHTCD\DESKTOP\CONSOLEAPPLICATION1\DEBUG\CONSOLEAPPLICATION1.EXE
C:\USERS\BOATRIGHTCD\DESKTOP\CONSOLEAPPLICATION1\DEBUG\CONSOLEAPPLICATION1.PDB
C:\Users\boatrightcd\Desktop\ConsoleApplication1\ConsoleApplication1\Debug\main.obj
C:\Users\boatrightcd\Desktop\ConsoleApplication1\ConsoleApplication1\Debug\stubs.obj
C:\Users\boatrightcd\Desktop\ConsoleApplication1\ConsoleApplication1\Debug\tests.obj
C:\Users\boatrightcd\Desktop\ConsoleApplication1\ConsoleApplication1\Debug\cl.command.1.tlog
C:\Users\boatrightcd\Desktop\ConsoleApplication1\ConsoleApplication1\Debug\CL.read.1.tlog
C:\Users\boatrightcd\Desktop\ConsoleApplication1\ConsoleApplication1\Debug\CL.write.1.tlog
C:\Users\boatrightcd\Desktop\ConsoleApplication1\ConsoleApplication1\Debug\link-cvtres.read.1.tlog
C:\Users\boatrightcd\Desktop\ConsoleApplication1\ConsoleApplication1\Debug\link-cvtres.write.1.tlog
C:\Users\boatrightcd\Desktop\ConsoleApplication1\ConsoleApplication1\Debug\link-rc.read.1.tlog
C:\Users\boatrightcd\Desktop\ConsoleApplication1\ConsoleApplication1\Debug\link-rc.write.1.tlog
C:\Users\boatrightcd\Desktop\ConsoleApplication1\ConsoleApplication1\Debug\link.command.1.tlog
C:\Users\boatrightcd\Desktop\ConsoleApplication1\ConsoleApplication1\Debug\link.read.1.tlog
C:\Users\boatrightcd\Desktop\ConsoleApplication1\ConsoleApplication1\Debug\link.write.1.tlog
C:\Users\boatrightcd\Desktop\ConsoleApplication1\ConsoleApplication1\Debug\vc110.idb
C:\Users\boatrightcd\Desktop\ConsoleApplication1\ConsoleApplication1\Debug\vc110.pdb
C:\Users\boatrightcd\Desktop\ConsoleApplication1\Debug\ConsoleApplication1.pdb
C:\Users\boatrightcd\Desktop\ConsoleApplication1\Debug\ConsoleApplication1.exe
C:\Users\boatrightcd\Desktop\ConsoleApplication1\Debug\ConsoleApplication1.ilk
